<?xml version="1.0" encoding="UTF-8"?>
<testsuite xmlns:xsi="http://www.w3.org/2001/XMLSchema-instance" xsi:noNamespaceSchemaLocation="https://maven.apache.org/surefire/maven-surefire-plugin/xsd/surefire-test-report.xsd" version="3.0.2" name="com.training.runner.TestRunner" time="1.614" tests="2" errors="0" skipped="0" failures="0" flakes="0">
  <properties>
[...]
</properties>
  <testcase name="runScenario[&quot;Add two numbers&quot;, &quot;Calculator functionality&quot;](1)" classname="com.training.runner.TestRunner" time="0.105">
    <system-out><![CDATA[
@smoke
Scenario: Add two numbers        # src/test/resources/features/calculator.feature:4
  âœ” Given I have numbers 2 and 3 # com.training.steps.CalculatorSteps.i_have_numbers_and(java.lang.Integer,java.lang.Integer)
  âœ” When I add the numbers       # com.training.steps.CalculatorSteps.i_add_the_numbers()
  âœ” Then the result should be 5  # com.training.steps.CalculatorSteps.the_result_should_be(java.lang.Integer)
]]></system-out>
  </testcase>
  <testcase name="runScenario[&quot;Subtract two numbers&quot;, &quot;Calculator functionality&quot;](2)" classname="com.training.runner.TestRunner" time="0.002">
    <system-out><![CDATA[
@regression
Scenario: Subtract two numbers    # src/test/resources/features/calculator.feature:10
  âœ” Given I have numbers 10 and 4 # com.training.steps.CalculatorSteps.i_have_numbers_and(java.lang.Integer,java.lang.Integer)
  âœ” When I subtract the numbers   # com.training.steps.CalculatorSteps.i_subtract_the_numbers()
  âœ” Then the result should be 6   # com.training.steps.CalculatorSteps.the_result_should_be(java.lang.Integer)
]]></system-out>
  </testcase>
</testsuite>